{
  "D:\\repos\\react\\react\\rs-react-app\\src\\App.tsx": {
    "path": "D:\\repos\\react\\react\\rs-react-app\\src\\App.tsx",
    "all": false,
    "statementMap": {
      "0": {
        "start": { "line": 1, "column": 0 },
        "end": { "line": 1, "column": 34 }
      },
      "1": {
        "start": { "line": 2, "column": 0 },
        "end": { "line": 2, "column": 19 }
      },
      "2": {
        "start": { "line": 3, "column": 0 },
        "end": { "line": 3, "column": 58 }
      },
      "3": {
        "start": { "line": 4, "column": 0 },
        "end": { "line": 4, "column": 63 }
      },
      "4": {
        "start": { "line": 5, "column": 0 },
        "end": { "line": 5, "column": 63 }
      },
      "10": {
        "start": { "line": 11, "column": 0 },
        "end": { "line": 11, "column": 45 }
      },
      "11": {
        "start": { "line": 12, "column": 0 },
        "end": { "line": 12, "column": 30 }
      },
      "12": {
        "start": { "line": 13, "column": 0 },
        "end": { "line": 13, "column": 17 }
      },
      "13": {
        "start": { "line": 14, "column": 0 },
        "end": { "line": 14, "column": 38 }
      },
      "14": {
        "start": { "line": 15, "column": 0 },
        "end": { "line": 15, "column": 3 }
      },
      "16": {
        "start": { "line": 17, "column": 0 },
        "end": { "line": 17, "column": 23 }
      },
      "17": {
        "start": { "line": 18, "column": 0 },
        "end": { "line": 18, "column": 67 }
      },
      "18": {
        "start": { "line": 19, "column": 0 },
        "end": { "line": 19, "column": 37 }
      },
      "19": {
        "start": { "line": 20, "column": 0 },
        "end": { "line": 20, "column": 57 }
      },
      "20": {
        "start": { "line": 21, "column": 0 },
        "end": { "line": 21, "column": 5 }
      },
      "21": {
        "start": { "line": 22, "column": 0 },
        "end": { "line": 22, "column": 3 }
      },
      "22": {
        "start": { "line": 23, "column": 0 },
        "end": { "line": 23, "column": 33 }
      },
      "23": {
        "start": { "line": 24, "column": 0 },
        "end": { "line": 24, "column": 50 }
      },
      "24": {
        "start": { "line": 25, "column": 0 },
        "end": { "line": 25, "column": 55 }
      },
      "25": {
        "start": { "line": 26, "column": 0 },
        "end": { "line": 26, "column": 4 }
      },
      "27": {
        "start": { "line": 28, "column": 0 },
        "end": { "line": 28, "column": 12 }
      },
      "28": {
        "start": { "line": 29, "column": 0 },
        "end": { "line": 29, "column": 12 }
      },
      "29": {
        "start": { "line": 30, "column": 0 },
        "end": { "line": 30, "column": 27 }
      },
      "30": {
        "start": { "line": 31, "column": 0 },
        "end": { "line": 31, "column": 45 }
      },
      "31": {
        "start": { "line": 32, "column": 0 },
        "end": { "line": 32, "column": 25 }
      },
      "32": {
        "start": { "line": 33, "column": 0 },
        "end": { "line": 33, "column": 60 }
      },
      "33": {
        "start": { "line": 34, "column": 0 },
        "end": { "line": 34, "column": 26 }
      },
      "34": {
        "start": { "line": 35, "column": 0 },
        "end": { "line": 35, "column": 12 }
      },
      "36": {
        "start": { "line": 37, "column": 0 },
        "end": { "line": 37, "column": 3 }
      },
      "37": {
        "start": { "line": 38, "column": 0 },
        "end": { "line": 38, "column": 1 }
      },
      "39": {
        "start": { "line": 40, "column": 0 },
        "end": { "line": 40, "column": 19 }
      }
    },
    "s": {
      "0": 1,
      "1": 1,
      "2": 1,
      "3": 1,
      "4": 1,
      "10": 1,
      "11": 8,
      "12": 9,
      "13": 9,
      "14": 9,
      "16": 8,
      "17": 8,
      "18": 8,
      "19": 2,
      "20": 2,
      "21": 8,
      "22": 8,
      "23": 3,
      "24": 3,
      "25": 3,
      "27": 8,
      "28": 13,
      "29": 13,
      "30": 13,
      "31": 13,
      "32": 13,
      "33": 13,
      "34": 13,
      "36": 13,
      "37": 8,
      "39": 1
    },
    "branchMap": {
      "0": {
        "type": "branch",
        "line": 11,
        "loc": {
          "start": { "line": 11, "column": 44 },
          "end": { "line": 38, "column": 1 }
        },
        "locations": [
          {
            "start": { "line": 11, "column": 44 },
            "end": { "line": 38, "column": 1 }
          }
        ]
      },
      "1": {
        "type": "branch",
        "line": 12,
        "loc": {
          "start": { "line": 12, "column": 2 },
          "end": { "line": 15, "column": 3 }
        },
        "locations": [
          {
            "start": { "line": 12, "column": 2 },
            "end": { "line": 15, "column": 3 }
          }
        ]
      },
      "2": {
        "type": "branch",
        "line": 17,
        "loc": {
          "start": { "line": 17, "column": 2 },
          "end": { "line": 22, "column": 3 }
        },
        "locations": [
          {
            "start": { "line": 17, "column": 2 },
            "end": { "line": 22, "column": 3 }
          }
        ]
      },
      "3": {
        "type": "branch",
        "line": 19,
        "loc": {
          "start": { "line": 19, "column": 36 },
          "end": { "line": 21, "column": 5 }
        },
        "locations": [
          {
            "start": { "line": 19, "column": 36 },
            "end": { "line": 21, "column": 5 }
          }
        ]
      },
      "4": {
        "type": "branch",
        "line": 23,
        "loc": {
          "start": { "line": 23, "column": 13 },
          "end": { "line": 26, "column": 4 }
        },
        "locations": [
          {
            "start": { "line": 23, "column": 13 },
            "end": { "line": 26, "column": 4 }
          }
        ]
      },
      "5": {
        "type": "branch",
        "line": 28,
        "loc": {
          "start": { "line": 28, "column": 2 },
          "end": { "line": 37, "column": 3 }
        },
        "locations": [
          {
            "start": { "line": 28, "column": 2 },
            "end": { "line": 37, "column": 3 }
          }
        ]
      }
    },
    "b": { "0": [8], "1": [9], "2": [8], "3": [2], "4": [3], "5": [13] },
    "fnMap": {
      "0": {
        "name": "<instance_members_initializer>",
        "decl": {
          "start": { "line": 11, "column": 44 },
          "end": { "line": 38, "column": 1 }
        },
        "loc": {
          "start": { "line": 11, "column": 44 },
          "end": { "line": 38, "column": 1 }
        },
        "line": 11
      },
      "1": {
        "name": "App",
        "decl": {
          "start": { "line": 12, "column": 2 },
          "end": { "line": 15, "column": 3 }
        },
        "loc": {
          "start": { "line": 12, "column": 2 },
          "end": { "line": 15, "column": 3 }
        },
        "line": 12
      },
      "2": {
        "name": "componentDidMount",
        "decl": {
          "start": { "line": 17, "column": 2 },
          "end": { "line": 22, "column": 3 }
        },
        "loc": {
          "start": { "line": 17, "column": 2 },
          "end": { "line": 22, "column": 3 }
        },
        "line": 17
      },
      "3": {
        "name": "onSearch",
        "decl": {
          "start": { "line": 23, "column": 13 },
          "end": { "line": 26, "column": 4 }
        },
        "loc": {
          "start": { "line": 23, "column": 13 },
          "end": { "line": 26, "column": 4 }
        },
        "line": 23
      },
      "4": {
        "name": "render",
        "decl": {
          "start": { "line": 28, "column": 2 },
          "end": { "line": 37, "column": 3 }
        },
        "loc": {
          "start": { "line": 28, "column": 2 },
          "end": { "line": 37, "column": 3 }
        },
        "line": 28
      }
    },
    "f": { "0": 8, "1": 9, "2": 8, "3": 3, "4": 13 }
  },
  "D:\\repos\\react\\react\\rs-react-app\\src\\main.tsx": {
    "path": "D:\\repos\\react\\react\\rs-react-app\\src\\main.tsx",
    "all": true,
    "statementMap": {
      "0": {
        "start": { "line": 1, "column": 0 },
        "end": { "line": 1, "column": 35 }
      },
      "1": {
        "start": { "line": 2, "column": 0 },
        "end": { "line": 2, "column": 46 }
      },
      "2": {
        "start": { "line": 3, "column": 0 },
        "end": { "line": 3, "column": 21 }
      },
      "3": {
        "start": { "line": 4, "column": 0 },
        "end": { "line": 4, "column": 28 }
      },
      "5": {
        "start": { "line": 6, "column": 0 },
        "end": { "line": 6, "column": 45 }
      },
      "6": {
        "start": { "line": 7, "column": 0 },
        "end": { "line": 7, "column": 11 }
      },
      "7": {
        "start": { "line": 8, "column": 0 },
        "end": { "line": 8, "column": 26 }
      },
      "8": {
        "start": { "line": 9, "column": 0 },
        "end": { "line": 9, "column": 16 }
      },
      "9": {
        "start": { "line": 10, "column": 0 },
        "end": { "line": 10, "column": 13 }
      },
      "10": {
        "start": { "line": 11, "column": 0 },
        "end": { "line": 11, "column": 17 }
      },
      "11": {
        "start": { "line": 12, "column": 0 },
        "end": { "line": 12, "column": 4 }
      },
      "12": {
        "start": { "line": 13, "column": 0 },
        "end": { "line": 13, "column": 1 }
      }
    },
    "s": {
      "0": 0,
      "1": 0,
      "2": 0,
      "3": 0,
      "5": 0,
      "6": 0,
      "7": 0,
      "8": 0,
      "9": 0,
      "10": 0,
      "11": 0,
      "12": 0
    },
    "branchMap": {
      "0": {
        "type": "branch",
        "line": 1,
        "loc": {
          "start": { "line": 1, "column": 243 },
          "end": { "line": 13, "column": -192 }
        },
        "locations": [
          {
            "start": { "line": 1, "column": 243 },
            "end": { "line": 13, "column": -192 }
          }
        ]
      }
    },
    "b": { "0": [0] },
    "fnMap": {
      "0": {
        "name": "(empty-report)",
        "decl": {
          "start": { "line": 1, "column": 243 },
          "end": { "line": 13, "column": -192 }
        },
        "loc": {
          "start": { "line": 1, "column": 243 },
          "end": { "line": 13, "column": -192 }
        },
        "line": 1
      }
    },
    "f": { "0": 0 }
  },
  "D:\\repos\\react\\react\\rs-react-app\\src\\components\\MyErrorBoundary.tsx": {
    "path": "D:\\repos\\react\\react\\rs-react-app\\src\\components\\MyErrorBoundary.tsx",
    "all": false,
    "statementMap": {
      "0": {
        "start": { "line": 1, "column": 0 },
        "end": { "line": 1, "column": 66 }
      },
      "1": {
        "start": { "line": 2, "column": 0 },
        "end": { "line": 2, "column": 52 }
      },
      "11": {
        "start": { "line": 12, "column": 0 },
        "end": { "line": 12, "column": 57 }
      },
      "12": {
        "start": { "line": 13, "column": 0 },
        "end": { "line": 13, "column": 30 }
      },
      "13": {
        "start": { "line": 14, "column": 0 },
        "end": { "line": 14, "column": 17 }
      },
      "14": {
        "start": { "line": 15, "column": 0 },
        "end": { "line": 15, "column": 37 }
      },
      "15": {
        "start": { "line": 16, "column": 0 },
        "end": { "line": 16, "column": 3 }
      },
      "17": {
        "start": { "line": 18, "column": 0 },
        "end": { "line": 18, "column": 45 }
      },
      "18": {
        "start": { "line": 19, "column": 0 },
        "end": { "line": 19, "column": 30 }
      },
      "19": {
        "start": { "line": 20, "column": 0 },
        "end": { "line": 20, "column": 3 }
      },
      "21": {
        "start": { "line": 22, "column": 0 },
        "end": { "line": 22, "column": 57 }
      },
      "22": {
        "start": { "line": 23, "column": 0 },
        "end": { "line": 23, "column": 34 }
      },
      "23": {
        "start": { "line": 24, "column": 0 },
        "end": { "line": 24, "column": 3 }
      },
      "25": {
        "start": { "line": 26, "column": 0 },
        "end": { "line": 26, "column": 12 }
      },
      "26": {
        "start": { "line": 27, "column": 0 },
        "end": { "line": 27, "column": 30 }
      },
      "27": {
        "start": { "line": 28, "column": 0 },
        "end": { "line": 28, "column": 14 }
      },
      "28": {
        "start": { "line": 29, "column": 0 },
        "end": { "line": 29, "column": 13 }
      },
      "29": {
        "start": { "line": 30, "column": 0 },
        "end": { "line": 30, "column": 40 }
      },
      "30": {
        "start": { "line": 31, "column": 0 },
        "end": { "line": 31, "column": 25 }
      },
      "31": {
        "start": { "line": 32, "column": 0 },
        "end": { "line": 32, "column": 14 }
      },
      "33": {
        "start": { "line": 34, "column": 0 },
        "end": { "line": 34, "column": 5 }
      },
      "34": {
        "start": { "line": 35, "column": 0 },
        "end": { "line": 35, "column": 31 }
      },
      "35": {
        "start": { "line": 36, "column": 0 },
        "end": { "line": 36, "column": 3 }
      },
      "36": {
        "start": { "line": 37, "column": 0 },
        "end": { "line": 37, "column": 1 }
      },
      "38": {
        "start": { "line": 39, "column": 0 },
        "end": { "line": 39, "column": 31 }
      }
    },
    "s": {
      "0": 1,
      "1": 1,
      "11": 1,
      "12": 1,
      "13": 15,
      "14": 15,
      "15": 15,
      "17": 1,
      "18": 8,
      "19": 8,
      "21": 1,
      "22": 4,
      "23": 4,
      "25": 1,
      "26": 26,
      "27": 8,
      "28": 8,
      "29": 8,
      "30": 8,
      "31": 8,
      "33": 8,
      "34": 18,
      "35": 26,
      "36": 1,
      "38": 1
    },
    "branchMap": {
      "0": {
        "type": "branch",
        "line": 13,
        "loc": {
          "start": { "line": 13, "column": 2 },
          "end": { "line": 16, "column": 3 }
        },
        "locations": [
          {
            "start": { "line": 13, "column": 2 },
            "end": { "line": 16, "column": 3 }
          }
        ]
      },
      "1": {
        "type": "branch",
        "line": 18,
        "loc": {
          "start": { "line": 18, "column": 9 },
          "end": { "line": 20, "column": 3 }
        },
        "locations": [
          {
            "start": { "line": 18, "column": 9 },
            "end": { "line": 20, "column": 3 }
          }
        ]
      },
      "2": {
        "type": "branch",
        "line": 22,
        "loc": {
          "start": { "line": 22, "column": 2 },
          "end": { "line": 24, "column": 3 }
        },
        "locations": [
          {
            "start": { "line": 22, "column": 2 },
            "end": { "line": 24, "column": 3 }
          }
        ]
      },
      "3": {
        "type": "branch",
        "line": 26,
        "loc": {
          "start": { "line": 26, "column": 2 },
          "end": { "line": 36, "column": 3 }
        },
        "locations": [
          {
            "start": { "line": 26, "column": 2 },
            "end": { "line": 36, "column": 3 }
          }
        ]
      },
      "4": {
        "type": "branch",
        "line": 27,
        "loc": {
          "start": { "line": 27, "column": 29 },
          "end": { "line": 34, "column": 5 }
        },
        "locations": [
          {
            "start": { "line": 27, "column": 29 },
            "end": { "line": 34, "column": 5 }
          }
        ]
      },
      "5": {
        "type": "branch",
        "line": 34,
        "loc": {
          "start": { "line": 34, "column": 4 },
          "end": { "line": 35, "column": 31 }
        },
        "locations": [
          {
            "start": { "line": 34, "column": 4 },
            "end": { "line": 35, "column": 31 }
          }
        ]
      }
    },
    "b": { "0": [15], "1": [8], "2": [4], "3": [26], "4": [8], "5": [18] },
    "fnMap": {
      "0": {
        "name": "MyErrorBoundary",
        "decl": {
          "start": { "line": 13, "column": 2 },
          "end": { "line": 16, "column": 3 }
        },
        "loc": {
          "start": { "line": 13, "column": 2 },
          "end": { "line": 16, "column": 3 }
        },
        "line": 13
      },
      "1": {
        "name": "getDerivedStateFromError",
        "decl": {
          "start": { "line": 18, "column": 9 },
          "end": { "line": 20, "column": 3 }
        },
        "loc": {
          "start": { "line": 18, "column": 9 },
          "end": { "line": 20, "column": 3 }
        },
        "line": 18
      },
      "2": {
        "name": "componentDidCatch",
        "decl": {
          "start": { "line": 22, "column": 2 },
          "end": { "line": 24, "column": 3 }
        },
        "loc": {
          "start": { "line": 22, "column": 2 },
          "end": { "line": 24, "column": 3 }
        },
        "line": 22
      },
      "3": {
        "name": "render",
        "decl": {
          "start": { "line": 26, "column": 2 },
          "end": { "line": 36, "column": 3 }
        },
        "loc": {
          "start": { "line": 26, "column": 2 },
          "end": { "line": 36, "column": 3 }
        },
        "line": 26
      }
    },
    "f": { "0": 15, "1": 8, "2": 4, "3": 26 }
  },
  "D:\\repos\\react\\react\\rs-react-app\\src\\components\\Controls\\Controls.tsx": {
    "path": "D:\\repos\\react\\react\\rs-react-app\\src\\components\\Controls\\Controls.tsx",
    "all": false,
    "statementMap": {
      "0": {
        "start": { "line": 1, "column": 0 },
        "end": { "line": 1, "column": 52 }
      },
      "2": {
        "start": { "line": 3, "column": 0 },
        "end": { "line": 3, "column": 44 }
      },
      "6": {
        "start": { "line": 7, "column": 0 },
        "end": { "line": 7, "column": 50 }
      },
      "7": {
        "start": { "line": 8, "column": 0 },
        "end": { "line": 8, "column": 30 }
      },
      "8": {
        "start": { "line": 9, "column": 0 },
        "end": { "line": 9, "column": 17 }
      },
      "9": {
        "start": { "line": 10, "column": 0 },
        "end": { "line": 10, "column": 38 }
      },
      "10": {
        "start": { "line": 11, "column": 0 },
        "end": { "line": 11, "column": 3 }
      },
      "12": {
        "start": { "line": 13, "column": 0 },
        "end": { "line": 13, "column": 61 }
      },
      "13": {
        "start": { "line": 14, "column": 0 },
        "end": { "line": 14, "column": 52 }
      },
      "14": {
        "start": { "line": 15, "column": 0 },
        "end": { "line": 15, "column": 4 }
      },
      "16": {
        "start": { "line": 17, "column": 0 },
        "end": { "line": 17, "column": 23 }
      },
      "17": {
        "start": { "line": 18, "column": 0 },
        "end": { "line": 18, "column": 67 }
      },
      "18": {
        "start": { "line": 19, "column": 0 },
        "end": { "line": 19, "column": 37 }
      },
      "19": {
        "start": { "line": 20, "column": 0 },
        "end": { "line": 20, "column": 57 }
      },
      "20": {
        "start": { "line": 21, "column": 0 },
        "end": { "line": 21, "column": 5 }
      },
      "21": {
        "start": { "line": 22, "column": 0 },
        "end": { "line": 22, "column": 3 }
      },
      "23": {
        "start": { "line": 24, "column": 0 },
        "end": { "line": 24, "column": 12 }
      },
      "24": {
        "start": { "line": 25, "column": 0 },
        "end": { "line": 25, "column": 12 }
      },
      "25": {
        "start": { "line": 26, "column": 0 },
        "end": { "line": 26, "column": 40 }
      },
      "26": {
        "start": { "line": 27, "column": 0 },
        "end": { "line": 27, "column": 25 }
      },
      "27": {
        "start": { "line": 28, "column": 0 },
        "end": { "line": 28, "column": 14 }
      },
      "28": {
        "start": { "line": 29, "column": 0 },
        "end": { "line": 29, "column": 21 }
      },
      "29": {
        "start": { "line": 30, "column": 0 },
        "end": { "line": 30, "column": 33 }
      },
      "30": {
        "start": { "line": 31, "column": 0 },
        "end": { "line": 31, "column": 41 }
      },
      "31": {
        "start": { "line": 32, "column": 0 },
        "end": { "line": 32, "column": 43 }
      },
      "32": {
        "start": { "line": 33, "column": 0 },
        "end": { "line": 33, "column": 10 }
      },
      "33": {
        "start": { "line": 34, "column": 0 },
        "end": { "line": 34, "column": 15 }
      },
      "34": {
        "start": { "line": 35, "column": 0 },
        "end": { "line": 35, "column": 26 }
      },
      "35": {
        "start": { "line": 36, "column": 0 },
        "end": { "line": 36, "column": 76 }
      },
      "36": {
        "start": { "line": 37, "column": 0 },
        "end": { "line": 37, "column": 57 }
      },
      "37": {
        "start": { "line": 38, "column": 0 },
        "end": { "line": 38, "column": 12 }
      },
      "38": {
        "start": { "line": 39, "column": 0 },
        "end": { "line": 39, "column": 9 }
      },
      "40": {
        "start": { "line": 41, "column": 0 },
        "end": { "line": 41, "column": 17 }
      },
      "41": {
        "start": { "line": 42, "column": 0 },
        "end": { "line": 42, "column": 12 }
      },
      "43": {
        "start": { "line": 44, "column": 0 },
        "end": { "line": 44, "column": 3 }
      },
      "44": {
        "start": { "line": 45, "column": 0 },
        "end": { "line": 45, "column": 1 }
      },
      "46": {
        "start": { "line": 47, "column": 0 },
        "end": { "line": 47, "column": 24 }
      }
    },
    "s": {
      "0": 1,
      "2": 1,
      "6": 1,
      "7": 14,
      "8": 14,
      "9": 14,
      "10": 14,
      "12": 14,
      "13": 81,
      "14": 81,
      "16": 14,
      "17": 14,
      "18": 14,
      "19": 2,
      "20": 2,
      "21": 14,
      "23": 14,
      "24": 102,
      "25": 102,
      "26": 102,
      "27": 102,
      "28": 102,
      "29": 102,
      "30": 102,
      "31": 102,
      "32": 102,
      "33": 102,
      "34": 102,
      "35": 5,
      "36": 5,
      "37": 5,
      "38": 102,
      "40": 102,
      "41": 102,
      "43": 102,
      "44": 14,
      "46": 1
    },
    "branchMap": {
      "0": {
        "type": "branch",
        "line": 7,
        "loc": {
          "start": { "line": 7, "column": 49 },
          "end": { "line": 45, "column": 1 }
        },
        "locations": [
          {
            "start": { "line": 7, "column": 49 },
            "end": { "line": 45, "column": 1 }
          }
        ]
      },
      "1": {
        "type": "branch",
        "line": 8,
        "loc": {
          "start": { "line": 8, "column": 2 },
          "end": { "line": 11, "column": 3 }
        },
        "locations": [
          {
            "start": { "line": 8, "column": 2 },
            "end": { "line": 11, "column": 3 }
          }
        ]
      },
      "2": {
        "type": "branch",
        "line": 13,
        "loc": {
          "start": { "line": 13, "column": 22 },
          "end": { "line": 15, "column": 4 }
        },
        "locations": [
          {
            "start": { "line": 13, "column": 22 },
            "end": { "line": 15, "column": 4 }
          }
        ]
      },
      "3": {
        "type": "branch",
        "line": 17,
        "loc": {
          "start": { "line": 17, "column": 2 },
          "end": { "line": 22, "column": 3 }
        },
        "locations": [
          {
            "start": { "line": 17, "column": 2 },
            "end": { "line": 22, "column": 3 }
          }
        ]
      },
      "4": {
        "type": "branch",
        "line": 19,
        "loc": {
          "start": { "line": 19, "column": 36 },
          "end": { "line": 21, "column": 5 }
        },
        "locations": [
          {
            "start": { "line": 19, "column": 36 },
            "end": { "line": 21, "column": 5 }
          }
        ]
      },
      "5": {
        "type": "branch",
        "line": 24,
        "loc": {
          "start": { "line": 24, "column": 2 },
          "end": { "line": 44, "column": 3 }
        },
        "locations": [
          {
            "start": { "line": 24, "column": 2 },
            "end": { "line": 44, "column": 3 }
          }
        ]
      },
      "6": {
        "type": "branch",
        "line": 35,
        "loc": {
          "start": { "line": 35, "column": 19 },
          "end": { "line": 38, "column": 12 }
        },
        "locations": [
          {
            "start": { "line": 35, "column": 19 },
            "end": { "line": 38, "column": 12 }
          }
        ]
      }
    },
    "b": {
      "0": [14],
      "1": [14],
      "2": [81],
      "3": [14],
      "4": [2],
      "5": [102],
      "6": [5]
    },
    "fnMap": {
      "0": {
        "name": "<instance_members_initializer>",
        "decl": {
          "start": { "line": 7, "column": 49 },
          "end": { "line": 45, "column": 1 }
        },
        "loc": {
          "start": { "line": 7, "column": 49 },
          "end": { "line": 45, "column": 1 }
        },
        "line": 7
      },
      "1": {
        "name": "Controls",
        "decl": {
          "start": { "line": 8, "column": 2 },
          "end": { "line": 11, "column": 3 }
        },
        "loc": {
          "start": { "line": 8, "column": 2 },
          "end": { "line": 11, "column": 3 }
        },
        "line": 8
      },
      "2": {
        "name": "handleInputChange",
        "decl": {
          "start": { "line": 13, "column": 22 },
          "end": { "line": 15, "column": 4 }
        },
        "loc": {
          "start": { "line": 13, "column": 22 },
          "end": { "line": 15, "column": 4 }
        },
        "line": 13
      },
      "3": {
        "name": "componentDidMount",
        "decl": {
          "start": { "line": 17, "column": 2 },
          "end": { "line": 22, "column": 3 }
        },
        "loc": {
          "start": { "line": 17, "column": 2 },
          "end": { "line": 22, "column": 3 }
        },
        "line": 17
      },
      "4": {
        "name": "render",
        "decl": {
          "start": { "line": 24, "column": 2 },
          "end": { "line": 44, "column": 3 }
        },
        "loc": {
          "start": { "line": 24, "column": 2 },
          "end": { "line": 44, "column": 3 }
        },
        "line": 24
      },
      "5": {
        "name": "onClick",
        "decl": {
          "start": { "line": 35, "column": 19 },
          "end": { "line": 38, "column": 12 }
        },
        "loc": {
          "start": { "line": 35, "column": 19 },
          "end": { "line": 38, "column": 12 }
        },
        "line": 35
      }
    },
    "f": { "0": 14, "1": 14, "2": 81, "3": 14, "4": 102, "5": 5 }
  },
  "D:\\repos\\react\\react\\rs-react-app\\src\\components\\Results\\ErrorButton.tsx": {
    "path": "D:\\repos\\react\\react\\rs-react-app\\src\\components\\Results\\ErrorButton.tsx",
    "all": false,
    "statementMap": {
      "0": {
        "start": { "line": 1, "column": 0 },
        "end": { "line": 1, "column": 34 }
      },
      "1": {
        "start": { "line": 2, "column": 0 },
        "end": { "line": 2, "column": 36 }
      },
      "2": {
        "start": { "line": 3, "column": 0 },
        "end": { "line": 3, "column": 68 }
      },
      "3": {
        "start": { "line": 4, "column": 0 },
        "end": { "line": 4, "column": 30 }
      },
      "4": {
        "start": { "line": 5, "column": 0 },
        "end": { "line": 5, "column": 17 }
      },
      "5": {
        "start": { "line": 6, "column": 0 },
        "end": { "line": 6, "column": 37 }
      },
      "6": {
        "start": { "line": 7, "column": 0 },
        "end": { "line": 7, "column": 3 }
      },
      "7": {
        "start": { "line": 8, "column": 0 },
        "end": { "line": 8, "column": 29 }
      },
      "8": {
        "start": { "line": 9, "column": 0 },
        "end": { "line": 9, "column": 38 }
      },
      "9": {
        "start": { "line": 10, "column": 0 },
        "end": { "line": 10, "column": 4 }
      },
      "11": {
        "start": { "line": 12, "column": 0 },
        "end": { "line": 12, "column": 12 }
      },
      "12": {
        "start": { "line": 13, "column": 0 },
        "end": { "line": 13, "column": 12 }
      },
      "13": {
        "start": { "line": 14, "column": 0 },
        "end": { "line": 14, "column": 11 }
      },
      "14": {
        "start": { "line": 15, "column": 0 },
        "end": { "line": 15, "column": 69 }
      },
      "15": {
        "start": { "line": 16, "column": 0 },
        "end": { "line": 16, "column": 57 }
      },
      "16": {
        "start": { "line": 17, "column": 0 },
        "end": { "line": 17, "column": 12 }
      },
      "18": {
        "start": { "line": 19, "column": 0 },
        "end": { "line": 19, "column": 3 }
      },
      "19": {
        "start": { "line": 20, "column": 0 },
        "end": { "line": 20, "column": 1 }
      },
      "21": {
        "start": { "line": 22, "column": 0 },
        "end": { "line": 22, "column": 27 }
      }
    },
    "s": {
      "0": 1,
      "1": 1,
      "2": 1,
      "3": 19,
      "4": 20,
      "5": 20,
      "6": 20,
      "7": 19,
      "8": 2,
      "9": 2,
      "11": 19,
      "12": 60,
      "13": 60,
      "14": 60,
      "15": 60,
      "16": 60,
      "18": 60,
      "19": 19,
      "21": 1
    },
    "branchMap": {
      "0": {
        "type": "branch",
        "line": 3,
        "loc": {
          "start": { "line": 3, "column": 67 },
          "end": { "line": 20, "column": 1 }
        },
        "locations": [
          {
            "start": { "line": 3, "column": 67 },
            "end": { "line": 20, "column": 1 }
          }
        ]
      },
      "1": {
        "type": "branch",
        "line": 4,
        "loc": {
          "start": { "line": 4, "column": 2 },
          "end": { "line": 7, "column": 3 }
        },
        "locations": [
          {
            "start": { "line": 4, "column": 2 },
            "end": { "line": 7, "column": 3 }
          }
        ]
      },
      "2": {
        "type": "branch",
        "line": 8,
        "loc": {
          "start": { "line": 8, "column": 22 },
          "end": { "line": 10, "column": 4 }
        },
        "locations": [
          {
            "start": { "line": 8, "column": 22 },
            "end": { "line": 10, "column": 4 }
          }
        ]
      },
      "3": {
        "type": "branch",
        "line": 12,
        "loc": {
          "start": { "line": 12, "column": 2 },
          "end": { "line": 19, "column": 3 }
        },
        "locations": [
          {
            "start": { "line": 12, "column": 2 },
            "end": { "line": 19, "column": 3 }
          }
        ]
      },
      "4": {
        "type": "branch",
        "line": 16,
        "loc": {
          "start": { "line": 16, "column": 20 },
          "end": { "line": 16, "column": 57 }
        },
        "locations": [
          {
            "start": { "line": 16, "column": 20 },
            "end": { "line": 16, "column": 57 }
          }
        ]
      }
    },
    "b": { "0": [19], "1": [20], "2": [2], "3": [60], "4": [4] },
    "fnMap": {
      "0": {
        "name": "<instance_members_initializer>",
        "decl": {
          "start": { "line": 3, "column": 67 },
          "end": { "line": 20, "column": 1 }
        },
        "loc": {
          "start": { "line": 3, "column": 67 },
          "end": { "line": 20, "column": 1 }
        },
        "line": 3
      },
      "1": {
        "name": "ErrorButton",
        "decl": {
          "start": { "line": 4, "column": 2 },
          "end": { "line": 7, "column": 3 }
        },
        "loc": {
          "start": { "line": 4, "column": 2 },
          "end": { "line": 7, "column": 3 }
        },
        "line": 4
      },
      "2": {
        "name": "handleButtonClick",
        "decl": {
          "start": { "line": 8, "column": 22 },
          "end": { "line": 10, "column": 4 }
        },
        "loc": {
          "start": { "line": 8, "column": 22 },
          "end": { "line": 10, "column": 4 }
        },
        "line": 8
      },
      "3": {
        "name": "render",
        "decl": {
          "start": { "line": 12, "column": 2 },
          "end": { "line": 19, "column": 3 }
        },
        "loc": {
          "start": { "line": 12, "column": 2 },
          "end": { "line": 19, "column": 3 }
        },
        "line": 12
      }
    },
    "f": { "0": 19, "1": 20, "2": 2, "3": 60 }
  },
  "D:\\repos\\react\\react\\rs-react-app\\src\\components\\Results\\MyError.tsx": {
    "path": "D:\\repos\\react\\react\\rs-react-app\\src\\components\\Results\\MyError.tsx",
    "all": false,
    "statementMap": {
      "0": {
        "start": { "line": 1, "column": 0 },
        "end": { "line": 1, "column": 34 }
      },
      "2": {
        "start": { "line": 3, "column": 0 },
        "end": { "line": 3, "column": 61 }
      },
      "3": {
        "start": { "line": 4, "column": 0 },
        "end": { "line": 4, "column": 12 }
      },
      "4": {
        "start": { "line": 5, "column": 0 },
        "end": { "line": 5, "column": 27 }
      },
      "5": {
        "start": { "line": 6, "column": 0 },
        "end": { "line": 6, "column": 47 }
      },
      "6": {
        "start": { "line": 7, "column": 0 },
        "end": { "line": 7, "column": 5 }
      },
      "7": {
        "start": { "line": 8, "column": 0 },
        "end": { "line": 8, "column": 61 }
      },
      "8": {
        "start": { "line": 9, "column": 0 },
        "end": { "line": 9, "column": 3 }
      },
      "9": {
        "start": { "line": 10, "column": 0 },
        "end": { "line": 10, "column": 1 }
      },
      "11": {
        "start": { "line": 12, "column": 0 },
        "end": { "line": 12, "column": 23 }
      }
    },
    "s": {
      "0": 1,
      "2": 1,
      "3": 1,
      "4": 12,
      "5": 10,
      "6": 10,
      "7": 2,
      "8": 12,
      "9": 1,
      "11": 1
    },
    "branchMap": {
      "0": {
        "type": "branch",
        "line": 4,
        "loc": {
          "start": { "line": 4, "column": 2 },
          "end": { "line": 9, "column": 3 }
        },
        "locations": [
          {
            "start": { "line": 4, "column": 2 },
            "end": { "line": 9, "column": 3 }
          }
        ]
      },
      "1": {
        "type": "branch",
        "line": 5,
        "loc": {
          "start": { "line": 5, "column": 26 },
          "end": { "line": 7, "column": 5 }
        },
        "locations": [
          {
            "start": { "line": 5, "column": 26 },
            "end": { "line": 7, "column": 5 }
          }
        ]
      },
      "2": {
        "type": "branch",
        "line": 7,
        "loc": {
          "start": { "line": 7, "column": 4 },
          "end": { "line": 8, "column": 61 }
        },
        "locations": [
          {
            "start": { "line": 7, "column": 4 },
            "end": { "line": 8, "column": 61 }
          }
        ]
      }
    },
    "b": { "0": [12], "1": [10], "2": [2] },
    "fnMap": {
      "0": {
        "name": "render",
        "decl": {
          "start": { "line": 4, "column": 2 },
          "end": { "line": 9, "column": 3 }
        },
        "loc": {
          "start": { "line": 4, "column": 2 },
          "end": { "line": 9, "column": 3 }
        },
        "line": 4
      }
    },
    "f": { "0": 12 }
  },
  "D:\\repos\\react\\react\\rs-react-app\\src\\components\\Results\\Result\\Result.tsx": {
    "path": "D:\\repos\\react\\react\\rs-react-app\\src\\components\\Results\\Result\\Result.tsx",
    "all": false,
    "statementMap": {
      "0": {
        "start": { "line": 1, "column": 0 },
        "end": { "line": 1, "column": 34 }
      },
      "1": {
        "start": { "line": 2, "column": 0 },
        "end": { "line": 2, "column": 42 }
      },
      "11": {
        "start": { "line": 12, "column": 0 },
        "end": { "line": 12, "column": 48 }
      },
      "12": {
        "start": { "line": 13, "column": 0 },
        "end": { "line": 13, "column": 12 }
      },
      "13": {
        "start": { "line": 14, "column": 0 },
        "end": { "line": 14, "column": 12 }
      },
      "14": {
        "start": { "line": 15, "column": 0 },
        "end": { "line": 15, "column": 59 }
      },
      "15": {
        "start": { "line": 16, "column": 0 },
        "end": { "line": 16, "column": 12 }
      },
      "16": {
        "start": { "line": 17, "column": 0 },
        "end": { "line": 17, "column": 28 }
      },
      "17": {
        "start": { "line": 18, "column": 0 },
        "end": { "line": 18, "column": 41 }
      },
      "18": {
        "start": { "line": 19, "column": 0 },
        "end": { "line": 19, "column": 15 }
      },
      "19": {
        "start": { "line": 20, "column": 0 },
        "end": { "line": 20, "column": 31 }
      },
      "20": {
        "start": { "line": 21, "column": 0 },
        "end": { "line": 21, "column": 35 }
      },
      "21": {
        "start": { "line": 22, "column": 0 },
        "end": { "line": 22, "column": 119 }
      },
      "23": {
        "start": { "line": 24, "column": 0 },
        "end": { "line": 24, "column": 29 }
      },
      "24": {
        "start": { "line": 25, "column": 0 },
        "end": { "line": 25, "column": 10 }
      },
      "25": {
        "start": { "line": 26, "column": 0 },
        "end": { "line": 26, "column": 44 }
      },
      "26": {
        "start": { "line": 27, "column": 0 },
        "end": { "line": 27, "column": 44 }
      },
      "27": {
        "start": { "line": 28, "column": 0 },
        "end": { "line": 28, "column": 30 }
      },
      "28": {
        "start": { "line": 29, "column": 0 },
        "end": { "line": 29, "column": 37 }
      },
      "29": {
        "start": { "line": 30, "column": 0 },
        "end": { "line": 30, "column": 69 }
      },
      "30": {
        "start": { "line": 31, "column": 0 },
        "end": { "line": 31, "column": 19 }
      },
      "31": {
        "start": { "line": 32, "column": 0 },
        "end": { "line": 32, "column": 16 }
      },
      "32": {
        "start": { "line": 33, "column": 0 },
        "end": { "line": 33, "column": 44 }
      },
      "33": {
        "start": { "line": 34, "column": 0 },
        "end": { "line": 34, "column": 32 }
      },
      "34": {
        "start": { "line": 35, "column": 0 },
        "end": { "line": 35, "column": 39 }
      },
      "35": {
        "start": { "line": 36, "column": 0 },
        "end": { "line": 36, "column": 75 }
      },
      "36": {
        "start": { "line": 37, "column": 0 },
        "end": { "line": 37, "column": 19 }
      },
      "37": {
        "start": { "line": 38, "column": 0 },
        "end": { "line": 38, "column": 16 }
      },
      "38": {
        "start": { "line": 39, "column": 0 },
        "end": { "line": 39, "column": 44 }
      },
      "39": {
        "start": { "line": 40, "column": 0 },
        "end": { "line": 40, "column": 33 }
      },
      "40": {
        "start": { "line": 41, "column": 0 },
        "end": { "line": 41, "column": 40 }
      },
      "41": {
        "start": { "line": 42, "column": 0 },
        "end": { "line": 42, "column": 78 }
      },
      "42": {
        "start": { "line": 43, "column": 0 },
        "end": { "line": 43, "column": 19 }
      },
      "43": {
        "start": { "line": 44, "column": 0 },
        "end": { "line": 44, "column": 16 }
      },
      "44": {
        "start": { "line": 45, "column": 0 },
        "end": { "line": 45, "column": 44 }
      },
      "45": {
        "start": { "line": 46, "column": 0 },
        "end": { "line": 46, "column": 32 }
      },
      "46": {
        "start": { "line": 47, "column": 0 },
        "end": { "line": 47, "column": 39 }
      },
      "47": {
        "start": { "line": 48, "column": 0 },
        "end": { "line": 48, "column": 75 }
      },
      "48": {
        "start": { "line": 49, "column": 0 },
        "end": { "line": 49, "column": 19 }
      },
      "49": {
        "start": { "line": 50, "column": 0 },
        "end": { "line": 50, "column": 16 }
      },
      "50": {
        "start": { "line": 51, "column": 0 },
        "end": { "line": 51, "column": 14 }
      },
      "51": {
        "start": { "line": 52, "column": 0 },
        "end": { "line": 52, "column": 12 }
      },
      "53": {
        "start": { "line": 54, "column": 0 },
        "end": { "line": 54, "column": 3 }
      },
      "54": {
        "start": { "line": 55, "column": 0 },
        "end": { "line": 55, "column": 1 }
      },
      "56": {
        "start": { "line": 57, "column": 0 },
        "end": { "line": 57, "column": 22 }
      }
    },
    "s": {
      "0": 1,
      "1": 1,
      "11": 1,
      "12": 1,
      "13": 68,
      "14": 68,
      "15": 68,
      "16": 68,
      "17": 68,
      "18": 68,
      "19": 68,
      "20": 67,
      "21": 1,
      "23": 68,
      "24": 68,
      "25": 68,
      "26": 68,
      "27": 68,
      "28": 68,
      "29": 68,
      "30": 68,
      "31": 68,
      "32": 68,
      "33": 68,
      "34": 68,
      "35": 68,
      "36": 68,
      "37": 68,
      "38": 68,
      "39": 68,
      "40": 68,
      "41": 68,
      "42": 68,
      "43": 68,
      "44": 68,
      "45": 68,
      "46": 68,
      "47": 68,
      "48": 68,
      "49": 68,
      "50": 68,
      "51": 68,
      "53": 68,
      "54": 1,
      "56": 1
    },
    "branchMap": {
      "0": {
        "type": "branch",
        "line": 13,
        "loc": {
          "start": { "line": 13, "column": 2 },
          "end": { "line": 54, "column": 3 }
        },
        "locations": [
          {
            "start": { "line": 13, "column": 2 },
            "end": { "line": 54, "column": 3 }
          }
        ]
      },
      "1": {
        "type": "branch",
        "line": 20,
        "loc": {
          "start": { "line": 20, "column": 23 },
          "end": { "line": 21, "column": 35 }
        },
        "locations": [
          {
            "start": { "line": 20, "column": 23 },
            "end": { "line": 21, "column": 35 }
          }
        ]
      },
      "2": {
        "type": "branch",
        "line": 21,
        "loc": {
          "start": { "line": 21, "column": 27 },
          "end": { "line": 22, "column": 119 }
        },
        "locations": [
          {
            "start": { "line": 21, "column": 27 },
            "end": { "line": 22, "column": 119 }
          }
        ]
      },
      "3": {
        "type": "branch",
        "line": 30,
        "loc": {
          "start": { "line": 30, "column": 26 },
          "end": { "line": 30, "column": 51 }
        },
        "locations": [
          {
            "start": { "line": 30, "column": 26 },
            "end": { "line": 30, "column": 51 }
          }
        ]
      },
      "4": {
        "type": "branch",
        "line": 30,
        "loc": {
          "start": { "line": 30, "column": 44 },
          "end": { "line": 30, "column": 69 }
        },
        "locations": [
          {
            "start": { "line": 30, "column": 44 },
            "end": { "line": 30, "column": 69 }
          }
        ]
      },
      "5": {
        "type": "branch",
        "line": 36,
        "loc": {
          "start": { "line": 36, "column": 26 },
          "end": { "line": 36, "column": 55 }
        },
        "locations": [
          {
            "start": { "line": 36, "column": 26 },
            "end": { "line": 36, "column": 55 }
          }
        ]
      },
      "6": {
        "type": "branch",
        "line": 36,
        "loc": {
          "start": { "line": 36, "column": 46 },
          "end": { "line": 36, "column": 75 }
        },
        "locations": [
          {
            "start": { "line": 36, "column": 46 },
            "end": { "line": 36, "column": 75 }
          }
        ]
      },
      "7": {
        "type": "branch",
        "line": 42,
        "loc": {
          "start": { "line": 42, "column": 26 },
          "end": { "line": 42, "column": 57 }
        },
        "locations": [
          {
            "start": { "line": 42, "column": 26 },
            "end": { "line": 42, "column": 57 }
          }
        ]
      },
      "8": {
        "type": "branch",
        "line": 42,
        "loc": {
          "start": { "line": 42, "column": 47 },
          "end": { "line": 42, "column": 78 }
        },
        "locations": [
          {
            "start": { "line": 42, "column": 47 },
            "end": { "line": 42, "column": 78 }
          }
        ]
      },
      "9": {
        "type": "branch",
        "line": 48,
        "loc": {
          "start": { "line": 48, "column": 26 },
          "end": { "line": 48, "column": 55 }
        },
        "locations": [
          {
            "start": { "line": 48, "column": 26 },
            "end": { "line": 48, "column": 55 }
          }
        ]
      },
      "10": {
        "type": "branch",
        "line": 48,
        "loc": {
          "start": { "line": 48, "column": 46 },
          "end": { "line": 48, "column": 75 }
        },
        "locations": [
          {
            "start": { "line": 48, "column": 46 },
            "end": { "line": 48, "column": 75 }
          }
        ]
      }
    },
    "b": {
      "0": [68],
      "1": [67],
      "2": [1],
      "3": [67],
      "4": [1],
      "5": [67],
      "6": [1],
      "7": [67],
      "8": [1],
      "9": [67],
      "10": [1]
    },
    "fnMap": {
      "0": {
        "name": "render",
        "decl": {
          "start": { "line": 13, "column": 2 },
          "end": { "line": 54, "column": 3 }
        },
        "loc": {
          "start": { "line": 13, "column": 2 },
          "end": { "line": 54, "column": 3 }
        },
        "line": 13
      }
    },
    "f": { "0": 68 }
  },
  "D:\\repos\\react\\react\\rs-react-app\\src\\components\\Results\\ResultList\\ResultList.tsx": {
    "path": "D:\\repos\\react\\react\\rs-react-app\\src\\components\\Results\\ResultList\\ResultList.tsx",
    "all": false,
    "statementMap": {
      "0": {
        "start": { "line": 1, "column": 0 },
        "end": { "line": 1, "column": 34 }
      },
      "1": {
        "start": { "line": 2, "column": 0 },
        "end": { "line": 2, "column": 42 }
      },
      "2": {
        "start": { "line": 3, "column": 0 },
        "end": { "line": 3, "column": 46 }
      },
      "17": {
        "start": { "line": 18, "column": 0 },
        "end": { "line": 18, "column": 52 }
      },
      "18": {
        "start": { "line": 19, "column": 0 },
        "end": { "line": 19, "column": 12 }
      },
      "19": {
        "start": { "line": 20, "column": 0 },
        "end": { "line": 20, "column": 12 }
      },
      "20": {
        "start": { "line": 21, "column": 0 },
        "end": { "line": 21, "column": 39 }
      },
      "21": {
        "start": { "line": 22, "column": 0 },
        "end": { "line": 22, "column": 30 }
      },
      "22": {
        "start": { "line": 23, "column": 0 },
        "end": { "line": 23, "column": 65 }
      },
      "23": {
        "start": { "line": 24, "column": 0 },
        "end": { "line": 24, "column": 21 }
      },
      "24": {
        "start": { "line": 25, "column": 0 },
        "end": { "line": 25, "column": 34 }
      },
      "25": {
        "start": { "line": 26, "column": 0 },
        "end": { "line": 26, "column": 37 }
      },
      "26": {
        "start": { "line": 27, "column": 0 },
        "end": { "line": 27, "column": 41 }
      },
      "27": {
        "start": { "line": 28, "column": 0 },
        "end": { "line": 28, "column": 43 }
      },
      "28": {
        "start": { "line": 29, "column": 0 },
        "end": { "line": 29, "column": 41 }
      },
      "29": {
        "start": { "line": 30, "column": 0 },
        "end": { "line": 30, "column": 42 }
      },
      "30": {
        "start": { "line": 31, "column": 0 },
        "end": { "line": 31, "column": 16 }
      },
      "31": {
        "start": { "line": 32, "column": 0 },
        "end": { "line": 32, "column": 14 }
      },
      "32": {
        "start": { "line": 33, "column": 0 },
        "end": { "line": 33, "column": 32 }
      },
      "33": {
        "start": { "line": 34, "column": 0 },
        "end": { "line": 34, "column": 12 }
      },
      "35": {
        "start": { "line": 36, "column": 0 },
        "end": { "line": 36, "column": 3 }
      },
      "36": {
        "start": { "line": 37, "column": 0 },
        "end": { "line": 37, "column": 1 }
      },
      "38": {
        "start": { "line": 39, "column": 0 },
        "end": { "line": 39, "column": 26 }
      }
    },
    "s": {
      "0": 1,
      "1": 1,
      "2": 1,
      "17": 1,
      "18": 1,
      "19": 18,
      "20": 18,
      "21": 18,
      "22": 17,
      "23": 66,
      "24": 66,
      "25": 66,
      "26": 66,
      "27": 66,
      "28": 66,
      "29": 66,
      "30": 66,
      "31": 17,
      "32": 1,
      "33": 18,
      "35": 18,
      "36": 1,
      "38": 1
    },
    "branchMap": {
      "0": {
        "type": "branch",
        "line": 19,
        "loc": {
          "start": { "line": 19, "column": 2 },
          "end": { "line": 36, "column": 3 }
        },
        "locations": [
          {
            "start": { "line": 19, "column": 2 },
            "end": { "line": 36, "column": 3 }
          }
        ]
      },
      "1": {
        "type": "branch",
        "line": 22,
        "loc": {
          "start": { "line": 22, "column": 20 },
          "end": { "line": 32, "column": 14 }
        },
        "locations": [
          {
            "start": { "line": 22, "column": 20 },
            "end": { "line": 32, "column": 14 }
          }
        ]
      },
      "2": {
        "type": "branch",
        "line": 32,
        "loc": {
          "start": { "line": 32, "column": 13 },
          "end": { "line": 33, "column": 32 }
        },
        "locations": [
          {
            "start": { "line": 32, "column": 13 },
            "end": { "line": 33, "column": 32 }
          }
        ]
      },
      "3": {
        "type": "branch",
        "line": 23,
        "loc": {
          "start": { "line": 23, "column": 38 },
          "end": { "line": 31, "column": 16 }
        },
        "locations": [
          {
            "start": { "line": 23, "column": 38 },
            "end": { "line": 31, "column": 16 }
          }
        ]
      }
    },
    "b": { "0": [18], "1": [17], "2": [1], "3": [66] },
    "fnMap": {
      "0": {
        "name": "render",
        "decl": {
          "start": { "line": 19, "column": 2 },
          "end": { "line": 36, "column": 3 }
        },
        "loc": {
          "start": { "line": 19, "column": 2 },
          "end": { "line": 36, "column": 3 }
        },
        "line": 19
      }
    },
    "f": { "0": 18 }
  },
  "D:\\repos\\react\\react\\rs-react-app\\src\\components\\Results\\Results\\Results.tsx": {
    "path": "D:\\repos\\react\\react\\rs-react-app\\src\\components\\Results\\Results\\Results.tsx",
    "all": false,
    "statementMap": {
      "0": {
        "start": { "line": 1, "column": 0 },
        "end": { "line": 1, "column": 34 }
      },
      "1": {
        "start": { "line": 2, "column": 0 },
        "end": { "line": 2, "column": 43 }
      },
      "2": {
        "start": { "line": 3, "column": 0 },
        "end": { "line": 3, "column": 45 }
      },
      "3": {
        "start": { "line": 4, "column": 0 },
        "end": { "line": 4, "column": 45 }
      },
      "4": {
        "start": { "line": 5, "column": 0 },
        "end": { "line": 5, "column": 54 }
      },
      "36": {
        "start": { "line": 37, "column": 0 },
        "end": { "line": 37, "column": 49 }
      },
      "37": {
        "start": { "line": 38, "column": 0 },
        "end": { "line": 38, "column": 23 }
      },
      "38": {
        "start": { "line": 39, "column": 0 },
        "end": { "line": 39, "column": 30 }
      },
      "39": {
        "start": { "line": 40, "column": 0 },
        "end": { "line": 40, "column": 17 }
      },
      "40": {
        "start": { "line": 41, "column": 0 },
        "end": { "line": 41, "column": 69 }
      },
      "41": {
        "start": { "line": 42, "column": 0 },
        "end": { "line": 42, "column": 80 }
      },
      "42": {
        "start": { "line": 43, "column": 0 },
        "end": { "line": 43, "column": 3 }
      },
      "44": {
        "start": { "line": 45, "column": 0 },
        "end": { "line": 45, "column": 27 }
      },
      "45": {
        "start": { "line": 46, "column": 0 },
        "end": { "line": 46, "column": 37 }
      },
      "46": {
        "start": { "line": 47, "column": 0 },
        "end": { "line": 47, "column": 18 }
      },
      "47": {
        "start": { "line": 48, "column": 0 },
        "end": { "line": 48, "column": 7 }
      },
      "48": {
        "start": { "line": 49, "column": 0 },
        "end": { "line": 49, "column": 36 }
      },
      "49": {
        "start": { "line": 50, "column": 0 },
        "end": { "line": 50, "column": 8 }
      },
      "50": {
        "start": { "line": 51, "column": 0 },
        "end": { "line": 51, "column": 13 }
      },
      "51": {
        "start": { "line": 52, "column": 0 },
        "end": { "line": 52, "column": 28 }
      },
      "52": {
        "start": { "line": 53, "column": 0 },
        "end": { "line": 53, "column": 7 }
      },
      "53": {
        "start": { "line": 54, "column": 0 },
        "end": { "line": 54, "column": 6 }
      },
      "54": {
        "start": { "line": 55, "column": 0 },
        "end": { "line": 55, "column": 4 }
      },
      "56": {
        "start": { "line": 57, "column": 0 },
        "end": { "line": 57, "column": 23 }
      },
      "57": {
        "start": { "line": 58, "column": 0 },
        "end": { "line": 58, "column": 37 }
      },
      "58": {
        "start": { "line": 59, "column": 0 },
        "end": { "line": 59, "column": 18 }
      },
      "59": {
        "start": { "line": 60, "column": 0 },
        "end": { "line": 60, "column": 7 }
      },
      "60": {
        "start": { "line": 61, "column": 0 },
        "end": { "line": 61, "column": 73 }
      },
      "61": {
        "start": { "line": 62, "column": 0 },
        "end": { "line": 62, "column": 8 }
      },
      "62": {
        "start": { "line": 63, "column": 0 },
        "end": { "line": 63, "column": 13 }
      },
      "63": {
        "start": { "line": 64, "column": 0 },
        "end": { "line": 64, "column": 28 }
      },
      "64": {
        "start": { "line": 65, "column": 0 },
        "end": { "line": 65, "column": 7 }
      },
      "65": {
        "start": { "line": 66, "column": 0 },
        "end": { "line": 66, "column": 6 }
      },
      "66": {
        "start": { "line": 67, "column": 0 },
        "end": { "line": 67, "column": 4 }
      },
      "67": {
        "start": { "line": 68, "column": 0 },
        "end": { "line": 68, "column": 18 }
      },
      "68": {
        "start": { "line": 69, "column": 0 },
        "end": { "line": 69, "column": 34 }
      },
      "69": {
        "start": { "line": 70, "column": 0 },
        "end": { "line": 70, "column": 25 }
      },
      "70": {
        "start": { "line": 71, "column": 0 },
        "end": { "line": 71, "column": 12 }
      },
      "71": {
        "start": { "line": 72, "column": 0 },
        "end": { "line": 72, "column": 29 }
      },
      "72": {
        "start": { "line": 73, "column": 0 },
        "end": { "line": 73, "column": 5 }
      },
      "73": {
        "start": { "line": 74, "column": 0 },
        "end": { "line": 74, "column": 4 }
      },
      "74": {
        "start": { "line": 75, "column": 0 },
        "end": { "line": 75, "column": 23 }
      },
      "75": {
        "start": { "line": 76, "column": 0 },
        "end": { "line": 76, "column": 18 }
      },
      "76": {
        "start": { "line": 77, "column": 0 },
        "end": { "line": 77, "column": 3 }
      },
      "78": {
        "start": { "line": 79, "column": 0 },
        "end": { "line": 79, "column": 41 }
      },
      "79": {
        "start": { "line": 80, "column": 0 },
        "end": { "line": 80, "column": 61 }
      },
      "80": {
        "start": { "line": 81, "column": 0 },
        "end": { "line": 81, "column": 39 }
      },
      "81": {
        "start": { "line": 82, "column": 0 },
        "end": { "line": 82, "column": 20 }
      },
      "82": {
        "start": { "line": 83, "column": 0 },
        "end": { "line": 83, "column": 5 }
      },
      "83": {
        "start": { "line": 84, "column": 0 },
        "end": { "line": 84, "column": 3 }
      },
      "84": {
        "start": { "line": 85, "column": 0 },
        "end": { "line": 85, "column": 18 }
      },
      "85": {
        "start": { "line": 86, "column": 0 },
        "end": { "line": 86, "column": 36 }
      },
      "86": {
        "start": { "line": 87, "column": 0 },
        "end": { "line": 87, "column": 30 }
      },
      "87": {
        "start": { "line": 88, "column": 0 },
        "end": { "line": 88, "column": 27 }
      },
      "88": {
        "start": { "line": 89, "column": 0 },
        "end": { "line": 89, "column": 27 }
      },
      "89": {
        "start": { "line": 90, "column": 0 },
        "end": { "line": 90, "column": 50 }
      },
      "90": {
        "start": { "line": 91, "column": 0 },
        "end": { "line": 91, "column": 9 }
      },
      "91": {
        "start": { "line": 92, "column": 0 },
        "end": { "line": 92, "column": 31 }
      },
      "92": {
        "start": { "line": 93, "column": 0 },
        "end": { "line": 93, "column": 8 }
      },
      "93": {
        "start": { "line": 94, "column": 0 },
        "end": { "line": 94, "column": 34 }
      },
      "94": {
        "start": { "line": 95, "column": 0 },
        "end": { "line": 95, "column": 26 }
      },
      "95": {
        "start": { "line": 96, "column": 0 },
        "end": { "line": 96, "column": 29 }
      },
      "96": {
        "start": { "line": 97, "column": 0 },
        "end": { "line": 97, "column": 78 }
      },
      "97": {
        "start": { "line": 98, "column": 0 },
        "end": { "line": 98, "column": 11 }
      },
      "98": {
        "start": { "line": 99, "column": 0 },
        "end": { "line": 99, "column": 16 }
      },
      "99": {
        "start": { "line": 100, "column": 0 },
        "end": { "line": 100, "column": 8 }
      },
      "100": {
        "start": { "line": 101, "column": 0 },
        "end": { "line": 101, "column": 20 }
      },
      "101": {
        "start": { "line": 102, "column": 0 },
        "end": { "line": 102, "column": 55 }
      },
      "102": {
        "start": { "line": 103, "column": 0 },
        "end": { "line": 103, "column": 9 }
      },
      "103": {
        "start": { "line": 104, "column": 0 },
        "end": { "line": 104, "column": 3 }
      },
      "105": {
        "start": { "line": 106, "column": 0 },
        "end": { "line": 106, "column": 12 }
      },
      "106": {
        "start": { "line": 107, "column": 0 },
        "end": { "line": 107, "column": 12 }
      },
      "107": {
        "start": { "line": 108, "column": 0 },
        "end": { "line": 108, "column": 11 }
      },
      "108": {
        "start": { "line": 109, "column": 0 },
        "end": { "line": 109, "column": 13 }
      },
      "109": {
        "start": { "line": 110, "column": 0 },
        "end": { "line": 110, "column": 34 }
      },
      "110": {
        "start": { "line": 111, "column": 0 },
        "end": { "line": 111, "column": 16 }
      },
      "111": {
        "start": { "line": 112, "column": 0 },
        "end": { "line": 112, "column": 34 }
      },
      "112": {
        "start": { "line": 113, "column": 0 },
        "end": { "line": 113, "column": 30 }
      },
      "113": {
        "start": { "line": 114, "column": 0 },
        "end": { "line": 114, "column": 24 }
      },
      "114": {
        "start": { "line": 115, "column": 0 },
        "end": { "line": 115, "column": 30 }
      },
      "115": {
        "start": { "line": 116, "column": 0 },
        "end": { "line": 116, "column": 14 }
      },
      "117": {
        "start": { "line": 118, "column": 0 },
        "end": { "line": 118, "column": 32 }
      },
      "118": {
        "start": { "line": 119, "column": 0 },
        "end": { "line": 119, "column": 63 }
      },
      "120": {
        "start": { "line": 121, "column": 0 },
        "end": { "line": 121, "column": 17 }
      },
      "122": {
        "start": { "line": 123, "column": 0 },
        "end": { "line": 123, "column": 56 }
      },
      "123": {
        "start": { "line": 124, "column": 0 },
        "end": { "line": 124, "column": 61 }
      },
      "125": {
        "start": { "line": 126, "column": 0 },
        "end": { "line": 126, "column": 25 }
      },
      "126": {
        "start": { "line": 127, "column": 0 },
        "end": { "line": 127, "column": 14 }
      },
      "127": {
        "start": { "line": 128, "column": 0 },
        "end": { "line": 128, "column": 12 }
      },
      "129": {
        "start": { "line": 130, "column": 0 },
        "end": { "line": 130, "column": 3 }
      },
      "130": {
        "start": { "line": 131, "column": 0 },
        "end": { "line": 131, "column": 1 }
      },
      "132": {
        "start": { "line": 133, "column": 0 },
        "end": { "line": 133, "column": 23 }
      }
    },
    "s": {
      "0": 1,
      "1": 1,
      "2": 1,
      "3": 1,
      "4": 1,
      "36": 1,
      "37": 11,
      "38": 11,
      "39": 12,
      "40": 12,
      "41": 12,
      "42": 12,
      "44": 11,
      "45": 10,
      "46": 10,
      "47": 10,
      "48": 10,
      "49": 10,
      "50": 10,
      "51": 10,
      "52": 10,
      "53": 10,
      "54": 10,
      "56": 11,
      "57": 6,
      "58": 6,
      "59": 6,
      "60": 6,
      "61": 6,
      "62": 6,
      "63": 6,
      "64": 6,
      "65": 6,
      "66": 6,
      "67": 11,
      "68": 16,
      "69": 6,
      "70": 16,
      "71": 10,
      "72": 10,
      "73": 16,
      "74": 11,
      "75": 11,
      "76": 11,
      "78": 11,
      "79": 37,
      "80": 5,
      "81": 5,
      "82": 5,
      "83": 37,
      "84": 11,
      "85": 16,
      "86": 16,
      "87": 16,
      "88": 16,
      "89": 6,
      "90": 6,
      "91": 10,
      "92": 16,
      "93": 16,
      "94": 10,
      "95": 8,
      "96": 8,
      "97": 8,
      "98": 10,
      "99": 16,
      "100": 16,
      "101": 6,
      "102": 16,
      "103": 16,
      "105": 11,
      "106": 48,
      "107": 48,
      "108": 48,
      "109": 48,
      "110": 32,
      "111": 32,
      "112": 32,
      "113": 32,
      "114": 32,
      "115": 32,
      "117": 48,
      "118": 2,
      "120": 2,
      "122": 48,
      "123": 14,
      "125": 48,
      "126": 48,
      "127": 48,
      "129": 48,
      "130": 11,
      "132": 1
    },
    "branchMap": {
      "0": {
        "type": "branch",
        "line": 37,
        "loc": {
          "start": { "line": 37, "column": 48 },
          "end": { "line": 131, "column": 1 }
        },
        "locations": [
          {
            "start": { "line": 37, "column": 48 },
            "end": { "line": 131, "column": 1 }
          }
        ]
      },
      "1": {
        "type": "branch",
        "line": 39,
        "loc": {
          "start": { "line": 39, "column": 2 },
          "end": { "line": 43, "column": 3 }
        },
        "locations": [
          {
            "start": { "line": 39, "column": 2 },
            "end": { "line": 43, "column": 3 }
          }
        ]
      },
      "2": {
        "type": "branch",
        "line": 45,
        "loc": {
          "start": { "line": 45, "column": 20 },
          "end": { "line": 55, "column": 4 }
        },
        "locations": [
          {
            "start": { "line": 45, "column": 20 },
            "end": { "line": 55, "column": 4 }
          }
        ]
      },
      "3": {
        "type": "branch",
        "line": 51,
        "loc": {
          "start": { "line": 51, "column": 6 },
          "end": { "line": 53, "column": 7 }
        },
        "locations": [
          {
            "start": { "line": 51, "column": 6 },
            "end": { "line": 53, "column": 7 }
          }
        ]
      },
      "4": {
        "type": "branch",
        "line": 57,
        "loc": {
          "start": { "line": 57, "column": 16 },
          "end": { "line": 67, "column": 4 }
        },
        "locations": [
          {
            "start": { "line": 57, "column": 16 },
            "end": { "line": 67, "column": 4 }
          }
        ]
      },
      "5": {
        "type": "branch",
        "line": 63,
        "loc": {
          "start": { "line": 63, "column": 6 },
          "end": { "line": 65, "column": 7 }
        },
        "locations": [
          {
            "start": { "line": 63, "column": 6 },
            "end": { "line": 65, "column": 7 }
          }
        ]
      },
      "6": {
        "type": "branch",
        "line": 68,
        "loc": {
          "start": { "line": 68, "column": 11 },
          "end": { "line": 74, "column": 4 }
        },
        "locations": [
          {
            "start": { "line": 68, "column": 11 },
            "end": { "line": 74, "column": 4 }
          }
        ]
      },
      "7": {
        "type": "branch",
        "line": 69,
        "loc": {
          "start": { "line": 69, "column": 33 },
          "end": { "line": 71, "column": 11 }
        },
        "locations": [
          {
            "start": { "line": 69, "column": 33 },
            "end": { "line": 71, "column": 11 }
          }
        ]
      },
      "8": {
        "type": "branch",
        "line": 71,
        "loc": {
          "start": { "line": 71, "column": 4 },
          "end": { "line": 73, "column": 5 }
        },
        "locations": [
          {
            "start": { "line": 71, "column": 4 },
            "end": { "line": 73, "column": 5 }
          }
        ]
      },
      "9": {
        "type": "branch",
        "line": 75,
        "loc": {
          "start": { "line": 75, "column": 2 },
          "end": { "line": 77, "column": 3 }
        },
        "locations": [
          {
            "start": { "line": 75, "column": 2 },
            "end": { "line": 77, "column": 3 }
          }
        ]
      },
      "10": {
        "type": "branch",
        "line": 79,
        "loc": {
          "start": { "line": 79, "column": 2 },
          "end": { "line": 84, "column": 3 }
        },
        "locations": [
          {
            "start": { "line": 79, "column": 2 },
            "end": { "line": 84, "column": 3 }
          }
        ]
      },
      "11": {
        "type": "branch",
        "line": 80,
        "loc": {
          "start": { "line": 80, "column": 60 },
          "end": { "line": 83, "column": 5 }
        },
        "locations": [
          {
            "start": { "line": 80, "column": 60 },
            "end": { "line": 83, "column": 5 }
          }
        ]
      },
      "12": {
        "type": "branch",
        "line": 85,
        "loc": {
          "start": { "line": 85, "column": 2 },
          "end": { "line": 104, "column": 3 }
        },
        "locations": [
          {
            "start": { "line": 85, "column": 2 },
            "end": { "line": 104, "column": 3 }
          }
        ]
      },
      "13": {
        "type": "branch",
        "line": 88,
        "loc": {
          "start": { "line": 88, "column": 12 },
          "end": { "line": 93, "column": 7 }
        },
        "locations": [
          {
            "start": { "line": 88, "column": 12 },
            "end": { "line": 93, "column": 7 }
          }
        ]
      },
      "14": {
        "type": "branch",
        "line": 89,
        "loc": {
          "start": { "line": 89, "column": 26 },
          "end": { "line": 91, "column": 9 }
        },
        "locations": [
          {
            "start": { "line": 89, "column": 26 },
            "end": { "line": 91, "column": 9 }
          }
        ]
      },
      "15": {
        "type": "branch",
        "line": 91,
        "loc": {
          "start": { "line": 91, "column": 8 },
          "end": { "line": 92, "column": 31 }
        },
        "locations": [
          {
            "start": { "line": 91, "column": 8 },
            "end": { "line": 92, "column": 31 }
          }
        ]
      },
      "16": {
        "type": "branch",
        "line": 94,
        "loc": {
          "start": { "line": 94, "column": 12 },
          "end": { "line": 100, "column": 7 }
        },
        "locations": [
          {
            "start": { "line": 94, "column": 12 },
            "end": { "line": 100, "column": 7 }
          }
        ]
      },
      "17": {
        "type": "branch",
        "line": 95,
        "loc": {
          "start": { "line": 95, "column": 19 },
          "end": { "line": 99, "column": 11 }
        },
        "locations": [
          {
            "start": { "line": 95, "column": 19 },
            "end": { "line": 99, "column": 11 }
          }
        ]
      },
      "18": {
        "type": "branch",
        "line": 97,
        "loc": {
          "start": { "line": 97, "column": 61 },
          "end": { "line": 97, "column": 75 }
        },
        "locations": [
          {
            "start": { "line": 97, "column": 61 },
            "end": { "line": 97, "column": 75 }
          }
        ]
      },
      "19": {
        "type": "branch",
        "line": 101,
        "loc": {
          "start": { "line": 101, "column": 13 },
          "end": { "line": 103, "column": 7 }
        },
        "locations": [
          {
            "start": { "line": 101, "column": 13 },
            "end": { "line": 103, "column": 7 }
          }
        ]
      },
      "20": {
        "type": "branch",
        "line": 106,
        "loc": {
          "start": { "line": 106, "column": 2 },
          "end": { "line": 130, "column": 3 }
        },
        "locations": [
          {
            "start": { "line": 106, "column": 2 },
            "end": { "line": 130, "column": 3 }
          }
        ]
      },
      "21": {
        "type": "branch",
        "line": 110,
        "loc": {
          "start": { "line": 110, "column": 22 },
          "end": { "line": 116, "column": 14 }
        },
        "locations": [
          {
            "start": { "line": 110, "column": 22 },
            "end": { "line": 116, "column": 14 }
          }
        ]
      },
      "22": {
        "type": "branch",
        "line": 118,
        "loc": {
          "start": { "line": 118, "column": 22 },
          "end": { "line": 121, "column": 17 }
        },
        "locations": [
          {
            "start": { "line": 118, "column": 22 },
            "end": { "line": 121, "column": 17 }
          }
        ]
      },
      "23": {
        "type": "branch",
        "line": 123,
        "loc": {
          "start": { "line": 123, "column": 23 },
          "end": { "line": 123, "column": 56 }
        },
        "locations": [
          {
            "start": { "line": 123, "column": 23 },
            "end": { "line": 123, "column": 56 }
          }
        ]
      },
      "24": {
        "type": "branch",
        "line": 123,
        "loc": {
          "start": { "line": 123, "column": 44 },
          "end": { "line": 124, "column": 61 }
        },
        "locations": [
          {
            "start": { "line": 123, "column": 44 },
            "end": { "line": 124, "column": 61 }
          }
        ]
      }
    },
    "b": {
      "0": [11],
      "1": [12],
      "2": [10],
      "3": [10],
      "4": [6],
      "5": [6],
      "6": [16],
      "7": [6],
      "8": [10],
      "9": [11],
      "10": [37],
      "11": [5],
      "12": [16],
      "13": [16],
      "14": [6],
      "15": [10],
      "16": [10],
      "17": [8],
      "18": [0],
      "19": [6],
      "20": [48],
      "21": [32],
      "22": [2],
      "23": [46],
      "24": [14]
    },
    "fnMap": {
      "0": {
        "name": "<instance_members_initializer>",
        "decl": {
          "start": { "line": 37, "column": 48 },
          "end": { "line": 131, "column": 1 }
        },
        "loc": {
          "start": { "line": 37, "column": 48 },
          "end": { "line": 131, "column": 1 }
        },
        "line": 37
      },
      "1": {
        "name": "Results",
        "decl": {
          "start": { "line": 39, "column": 2 },
          "end": { "line": 43, "column": 3 }
        },
        "loc": {
          "start": { "line": 39, "column": 2 },
          "end": { "line": 43, "column": 3 }
        },
        "line": 39
      },
      "2": {
        "name": "setBaseApiQuery",
        "decl": {
          "start": { "line": 45, "column": 20 },
          "end": { "line": 55, "column": 4 }
        },
        "loc": {
          "start": { "line": 45, "column": 20 },
          "end": { "line": 55, "column": 4 }
        },
        "line": 45
      },
      "3": {
        "name": "setApiQuery",
        "decl": {
          "start": { "line": 57, "column": 16 },
          "end": { "line": 67, "column": 4 }
        },
        "loc": {
          "start": { "line": 57, "column": 16 },
          "end": { "line": 67, "column": 4 }
        },
        "line": 57
      },
      "4": {
        "name": "setUrl",
        "decl": {
          "start": { "line": 68, "column": 11 },
          "end": { "line": 74, "column": 4 }
        },
        "loc": {
          "start": { "line": 68, "column": 11 },
          "end": { "line": 74, "column": 4 }
        },
        "line": 68
      },
      "5": {
        "name": "componentDidMount",
        "decl": {
          "start": { "line": 75, "column": 2 },
          "end": { "line": 77, "column": 3 }
        },
        "loc": {
          "start": { "line": 75, "column": 2 },
          "end": { "line": 77, "column": 3 }
        },
        "line": 75
      },
      "6": {
        "name": "componentDidUpdate",
        "decl": {
          "start": { "line": 79, "column": 2 },
          "end": { "line": 84, "column": 3 }
        },
        "loc": {
          "start": { "line": 79, "column": 2 },
          "end": { "line": 84, "column": 3 }
        },
        "line": 79
      },
      "7": {
        "name": "fetchResults",
        "decl": {
          "start": { "line": 85, "column": 2 },
          "end": { "line": 104, "column": 3 }
        },
        "loc": {
          "start": { "line": 85, "column": 2 },
          "end": { "line": 104, "column": 3 }
        },
        "line": 85
      },
      "8": {
        "name": "render",
        "decl": {
          "start": { "line": 106, "column": 2 },
          "end": { "line": 130, "column": 3 }
        },
        "loc": {
          "start": { "line": 106, "column": 2 },
          "end": { "line": 130, "column": 3 }
        },
        "line": 106
      }
    },
    "f": {
      "0": 11,
      "1": 12,
      "2": 10,
      "3": 6,
      "4": 16,
      "5": 11,
      "6": 37,
      "7": 16,
      "8": 48
    }
  }
}
